14:28:54.535 Watching directory: C:\Users\lktr\gaugedemo\specs
14:28:54.540 Found 3 files
14:28:54.549 Watching directory: C:\Users\lktr\gaugedemo\specs\concepts
14:28:54.550 Found 1 files
14:28:54.586 Initializing concepts cache with 1 concepts
14:28:54.586 Adding concepts from C:\Users\lktr\gaugedemo\specs\concepts\common.cpt
14:28:54.600 Initializing specs cache with 2 specs
14:28:54.600 Adding specs from C:\Users\lktr\gaugedemo\specs\demo.spec
14:28:54.600 Adding specs from C:\Users\lktr\gaugedemo\specs\example.spec
14:28:54.600 Initializing steps cache with 3 steps
14:28:54.601 Gauge daemon initialized and listening on port: 51429
14:28:55.339 Api Request Received: messageType:GetLanguagePluginLibPathRequest messageId:5 libPathRequest:<language:"java" > 
14:28:55.351 Sending API response: messageType:GetLanguagePluginLibPathResponse messageId:5 libPathResponse:<path:"C:\\Users\\lktr\\AppData\\Roaming\\gauge\\plugins\\java\\0.7.2\\libs" > 
14:29:15.730 Api Request Received: messageType:GetStepValueRequest messageId:4 stepValueRequest:<stepText:"Open link \"URL\"" > 
14:29:15.730 Sending API response: messageType:GetStepValueResponse messageId:4 stepValueResponse:<stepValue:<stepValue:"Open link {}" parameterizedStepValue:"Open link <URL>" parameters:"URL" > > 
14:29:17.019 Api Request Received: messageType:GetStepValueRequest messageId:4 stepValueRequest:<stepText:"Vowels in English language are <vowelString>." > 
14:29:17.019 Sending API response: messageType:GetStepValueResponse messageId:4 stepValueResponse:<stepValue:<stepValue:"Vowels in English language are {}." parameterizedStepValue:"Vowels in English language are <vowelString>." parameters:"vowelString" > > 
14:29:17.023 Api Request Received: messageType:GetStepValueRequest messageId:4 stepValueRequest:<stepText:"The word <word> has <expectedCount> vowels." > 
14:29:17.023 Sending API response: messageType:GetStepValueResponse messageId:4 stepValueResponse:<stepValue:<stepValue:"The word {} has {} vowels." parameterizedStepValue:"The word <word> has <expectedCount> vowels." parameters:"word" parameters:"expectedCount" > > 
14:29:17.024 Api Request Received: messageType:GetStepValueRequest messageId:4 stepValueRequest:<stepText:"Almost all words have vowels <wordsTable>" > 
14:29:17.025 Sending API response: messageType:GetStepValueResponse messageId:4 stepValueResponse:<stepValue:<stepValue:"Almost all words have vowels {}" parameterizedStepValue:"Almost all words have vowels <wordsTable>" parameters:"wordsTable" > > 
14:29:17.035 Api Request Received: messageType:GetStepValueRequest messageId:4 stepValueRequest:<stepText:"Open Cake box website <URL>" > 
14:29:17.036 Sending API response: messageType:GetStepValueResponse messageId:4 stepValueResponse:<stepValue:<stepValue:"Open Cake box website {}" parameterizedStepValue:"Open Cake box website <URL>" parameters:"URL" > > 
14:29:17.039 Api Request Received: messageType:GetStepValueRequest messageId:4 stepValueRequest:<stepText:"Click on Login link" > 
14:29:17.039 Sending API response: messageType:GetStepValueResponse messageId:4 stepValueResponse:<stepValue:<stepValue:"Click on Login link" parameterizedStepValue:"Click on Login link" > > 
14:29:17.041 Api Request Received: messageType:GetStepValueRequest messageId:4 stepValueRequest:<stepText:"Enter <EMAILID> and <PASSWORD> to login" > 
14:29:17.041 Sending API response: messageType:GetStepValueResponse messageId:4 stepValueResponse:<stepValue:<stepValue:"Enter {} and {} to login" parameterizedStepValue:"Enter <EMAILID> and <PASSWORD> to login" parameters:"EMAILID" parameters:"PASSWORD" > > 
14:29:17.047 Api Request Received: messageType:GetStepValueRequest messageId:4 stepValueRequest:<stepText:"Click on Login button" > 
14:29:17.047 Sending API response: messageType:GetStepValueResponse messageId:4 stepValueResponse:<stepValue:<stepValue:"Click on Login button" parameterizedStepValue:"Click on Login button" > > 
14:29:17.053 Api Request Received: messageType:GetStepValueRequest messageId:4 stepValueRequest:<stepText:"Select Kids Cake category" > 
14:29:17.053 Sending API response: messageType:GetStepValueResponse messageId:4 stepValueResponse:<stepValue:<stepValue:"Select Kids Cake category" parameterizedStepValue:"Select Kids Cake category" > > 
14:29:17.061 Api Request Received: messageType:GetStepValueRequest messageId:4 stepValueRequest:<stepText:"Enter cake details and Add to Cart <table>" > 
14:29:17.061 Sending API response: messageType:GetStepValueResponse messageId:4 stepValueResponse:<stepValue:<stepValue:"Enter cake details and Add to Cart {}" parameterizedStepValue:"Enter cake details and Add to Cart <table>" parameters:"table" > > 
14:29:17.063 Api Request Received: messageType:GetStepValueRequest messageId:4 stepValueRequest:<stepText:"Delete items from cart" > 
14:29:17.063 Sending API response: messageType:GetStepValueResponse messageId:4 stepValueResponse:<stepValue:<stepValue:"Delete items from cart" parameterizedStepValue:"Delete items from cart" > > 
14:29:17.066 Api Request Received: messageType:GetStepValueRequest messageId:4 stepValueRequest:<stepText:"Verify all items are deleted from cart" > 
14:29:17.067 Sending API response: messageType:GetStepValueResponse messageId:4 stepValueResponse:<stepValue:<stepValue:"Verify all items are deleted from cart" parameterizedStepValue:"Verify all items are deleted from cart" > > 
14:29:17.812 Api Request Received: messageType:GetStepValueRequest messageId:4 stepValueRequest:<stepText:"Open Cake box website" > 
14:29:17.812 Sending API response: messageType:GetStepValueResponse messageId:4 stepValueResponse:<stepValue:<stepValue:"Open Cake box website" parameterizedStepValue:"Open Cake box website" > > 
14:29:53.828 Closing connection [127.0.0.1:51430] cause: read tcp 127.0.0.1:51429->127.0.0.1:51430: wsarecv: An existing connection was forcibly closed by the remote host.
14:29:54.001 Killing Gauge daemon. Parent process with pid 35072 has terminated.
14:30:38.567 Watching directory: C:\Users\lktr\gaugedemo\specs
14:30:38.575 Found 3 files
14:30:38.588 Watching directory: C:\Users\lktr\gaugedemo\specs\concepts
14:30:38.600 Initializing concepts cache with 1 concepts
14:30:38.600 Adding concepts from C:\Users\lktr\gaugedemo\specs\concepts\common.cpt
14:30:38.734 Found 1 files
14:30:38.770 Initializing specs cache with 2 specs
14:30:38.771 Adding specs from C:\Users\lktr\gaugedemo\specs\example.spec
14:30:38.771 Adding specs from C:\Users\lktr\gaugedemo\specs\demo.spec
14:30:38.771 Initializing steps cache with 3 steps
14:30:38.771 Gauge daemon initialized and listening on port: 51502
14:30:39.124 Api Request Received: messageType:GetLanguagePluginLibPathRequest messageId:5 libPathRequest:<language:"java" > 
14:30:39.134 Sending API response: messageType:GetLanguagePluginLibPathResponse messageId:5 libPathResponse:<path:"C:\\Users\\lktr\\AppData\\Roaming\\gauge\\plugins\\java\\0.7.2\\libs" > 
